<?xml version="1.0" encoding="UTF-8"?>
<testng-results ignored="0" total="1" passed="1" failed="0" skipped="0">
  <reporter-output>
  </reporter-output>
  <suite started-at="2023-04-13T07:41:52 IST" name="Default suite" finished-at="2023-04-13T07:41:58 IST" duration-ms="5569">
    <groups>
    </groups>
    <test started-at="2023-04-13T07:41:52 IST" name="Default test" finished-at="2023-04-13T07:41:58 IST" duration-ms="5569">
      <class name="test.LoginTest">
        <test-method is-config="true" signature="beforeMethod()[pri:0, instance:test.LoginTest@5a56cdac]" started-at="2023-04-13T07:41:52 IST" name="beforeMethod" finished-at="2023-04-13T07:41:57 IST" duration-ms="4518" status="PASS">
          <reporter-output>
          </reporter-output>
        </test-method> <!-- beforeMethod -->
        <test-method signature="login()[pri:0, instance:test.LoginTest@5a56cdac]" started-at="2023-04-13T07:41:57 IST" name="login" finished-at="2023-04-13T07:41:57 IST" duration-ms="685" status="PASS">
          <reporter-output>
          </reporter-output>
        </test-method> <!-- login -->
        <test-method is-config="true" signature="afterMethod()[pri:0, instance:test.LoginTest@5a56cdac]" started-at="2023-04-13T07:41:57 IST" name="afterMethod" finished-at="2023-04-13T07:41:58 IST" duration-ms="328" status="PASS">
          <reporter-output>
          </reporter-output>
        </test-method> <!-- afterMethod -->
      </class> <!-- test.LoginTest -->
    </test> <!-- Default test -->
  </suite> <!-- Default suite -->
</testng-results>
