<?xml version="1.0" encoding="UTF-8"?>
<testng-results ignored="0" total="1" passed="1" failed="0" skipped="0">
  <reporter-output>
  </reporter-output>
  <suite started-at="2023-05-16T16:02:28 IST" name="Default suite" finished-at="2023-05-16T16:02:41 IST" duration-ms="12804">
    <groups>
      <group name="Regression">
        <method signature="UserTest.userMethod(java.lang.String,java.lang.String)[pri:1, instance:com.qalegend.testscript.UserTest@618425b5]" name="userMethod" class="com.qalegend.testscript.UserTest"/>
      </group> <!-- Regression -->
    </groups>
    <test started-at="2023-05-16T16:02:28 IST" name="Default test" finished-at="2023-05-16T16:02:41 IST" duration-ms="12804">
      <class name="com.qalegend.testscript.UserTest">
        <test-method is-config="true" signature="setUp(java.lang.String)[pri:0, instance:com.qalegend.testscript.UserTest@618425b5]" started-at="2023-05-16T16:02:29 IST" name="setUp" finished-at="2023-05-16T16:02:36 IST" duration-ms="7237" status="PASS">
          <params>
            <param index="0">
              <value>
                <![CDATA[chrome]]>
              </value>
            </param>
          </params>
          <reporter-output>
          </reporter-output>
        </test-method> <!-- setUp -->
        <test-method signature="userMethod(java.lang.String,java.lang.String)[pri:1, instance:com.qalegend.testscript.UserTest@618425b5]" started-at="2023-05-16T16:02:36 IST" name="userMethod" data-provider="UserCredentials" finished-at="2023-05-16T16:02:41 IST" duration-ms="4829" status="PASS">
          <params>
            <param index="0">
              <value>
                <![CDATA[admin]]>
              </value>
            </param>
            <param index="1">
              <value>
                <![CDATA[123456]]>
              </value>
            </param>
          </params>
          <reporter-output>
          </reporter-output>
        </test-method> <!-- userMethod -->
      </class> <!-- com.qalegend.testscript.UserTest -->
    </test> <!-- Default test -->
  </suite> <!-- Default suite -->
</testng-results>
