<?xml version="1.0" encoding="UTF-8"?>
<!-- Generated by org.testng.reporters.JUnitXMLReporter -->
<testsuite ignored="4" hostname="DESKTOP-CRHJTDS" failures="0" tests="1" name="parallel method Test" time="8.568" errors="0" timestamp="2023-05-29T07:10:51 IST">
  <testcase classname="com.qalegend.testscript.SignOutTest" name="signOutTab" time="3.015"/>
  <testcase classname="com.qalegend.testscript.SignOutTest" name="passwordChanging" time="0.0">
    <ignored/>
  </testcase> <!-- passwordChanging -->
  <testcase classname="com.qalegend.testscript.SignOutTest" name="signOutButton" time="0.0">
    <ignored/>
  </testcase> <!-- signOutButton -->
  <testcase classname="com.qalegend.testscript.SignOutTest" name="editProfileDetails" time="0.0">
    <ignored/>
  </testcase> <!-- editProfileDetails -->
  <testcase classname="com.qalegend.testscript.SignOutTest" name="profileButton" time="0.0">
    <ignored/>
  </testcase> <!-- profileButton -->
</testsuite> <!-- parallel method Test -->
