<?xml version="1.0" encoding="UTF-8"?>
<!-- Generated by org.testng.reporters.JUnitXMLReporter -->
<testsuite ignored="5" hostname="DESKTOP-CRHJTDS" failures="0" tests="1" name="chrome test" time="10.951" errors="0" timestamp="2023-05-29T11:18:26 IST">
  <testcase classname="com.qalegend.testscript.LogTest" name="inValidLogin" time="1.284"/>
  <testcase classname="com.qalegend.testscript.LogTest" name="rememberMe" time="0.0">
    <ignored/>
  </testcase> <!-- rememberMe -->
  <testcase classname="com.qalegend.testscript.LogTest" name="logfun" time="0.0">
    <ignored/>
  </testcase> <!-- logfun -->
  <testcase classname="com.qalegend.testscript.LogTest" name="resetPassWord" time="0.0">
    <ignored/>
  </testcase> <!-- resetPassWord -->
  <testcase classname="com.qalegend.testscript.LogTest" name="verifyLoginPageTitle" time="0.0">
    <ignored/>
  </testcase> <!-- verifyLoginPageTitle -->
  <testcase classname="com.qalegend.testscript.LogTest" name="forgotPassWord" time="0.0">
    <ignored/>
  </testcase> <!-- forgotPassWord -->
</testsuite> <!-- chrome test -->
