<?xml version="1.0" encoding="UTF-8"?>
<!-- Generated by org.testng.reporters.JUnitXMLReporter -->
<testsuite ignored="5" hostname="DESKTOP-CRHJTDS" failures="0" tests="1" name="FireFox test" time="1.689" errors="0" timestamp="2023-05-27T12:40:50 IST">
  <testcase classname="com.qalegend.base.BaseSetUp" name="@BeforeMethod setUp" time="1.613">
    <failure type="org.openqa.selenium.SessionNotCreatedException" message="Could not start a new session. Response code 500. Message: session not created: This version of Microsoft Edge WebDriver only supports Microsoft Edge version 110
Current browser version is 113.0.1774.57 with binary path C:\Program Files (x86)\Microsoft\Edge\Application\msedge.exe 
Host info: host: &amp;apos;DESKTOP-CRHJTDS&amp;apos;, ip: &amp;apos;192.168.1.4&amp;apos;
Build info: version: &amp;apos;4.6.0&amp;apos;, revision: &amp;apos;79f1c02ae20&amp;apos;
System info: os.name: &amp;apos;Windows 11&amp;apos;, os.arch: &amp;apos;amd64&amp;apos;, os.version: &amp;apos;10.0&amp;apos;, java.version: &amp;apos;17.0.5&amp;apos;
Driver info: org.openqa.selenium.edge.EdgeDriver
Command: [null, newSession {capabilities=[Capabilities {browserName: MicrosoftEdge, ms:edgeOptions: {args: [], extensions: []}}], desiredCapabilities=Capabilities {browserName: MicrosoftEdge, ms:edgeOptions: {args: [], extensions: []}}}]">
      <![CDATA[org.openqa.selenium.SessionNotCreatedException: Could not start a new session. Response code 500. Message: session not created: This version of Microsoft Edge WebDriver only supports Microsoft Edge version 110
Current browser version is 113.0.1774.57 with binary path C:\Program Files (x86)\Microsoft\Edge\Application\msedge.exe 
Host info: host: 'DESKTOP-CRHJTDS', ip: '192.168.1.4'
Build info: version: '4.6.0', revision: '79f1c02ae20'
System info: os.name: 'Windows 11', os.arch: 'amd64', os.version: '10.0', java.version: '17.0.5'
Driver info: org.openqa.selenium.edge.EdgeDriver
Command: [null, newSession {capabilities=[Capabilities {browserName: MicrosoftEdge, ms:edgeOptions: {args: [], extensions: []}}], desiredCapabilities=Capabilities {browserName: MicrosoftEdge, ms:edgeOptions: {args: [], extensions: []}}}]
at org.openqa.selenium.remote.ProtocolHandshake.createSession(ProtocolHandshake.java:146)
at org.openqa.selenium.remote.ProtocolHandshake.createSession(ProtocolHandshake.java:101)
at org.openqa.selenium.remote.ProtocolHandshake.createSession(ProtocolHandshake.java:67)
at org.openqa.selenium.remote.HttpCommandExecutor.execute(HttpCommandExecutor.java:156)
at org.openqa.selenium.remote.service.DriverCommandExecutor.invokeExecute(DriverCommandExecutor.java:167)
at org.openqa.selenium.remote.service.DriverCommandExecutor.execute(DriverCommandExecutor.java:142)
at org.openqa.selenium.remote.RemoteWebDriver.execute(RemoteWebDriver.java:541)
at org.openqa.selenium.remote.RemoteWebDriver.startSession(RemoteWebDriver.java:242)
at org.openqa.selenium.remote.RemoteWebDriver.<init>(RemoteWebDriver.java:157)
at org.openqa.selenium.chromium.ChromiumDriver.<init>(ChromiumDriver.java:101)
at org.openqa.selenium.edge.EdgeDriver.<init>(EdgeDriver.java:54)
at org.openqa.selenium.edge.EdgeDriver.<init>(EdgeDriver.java:46)
at org.openqa.selenium.edge.EdgeDriver.<init>(EdgeDriver.java:42)
at com.qalegend.base.BaseSetUp.getBrowser(BaseSetUp.java:70)
at com.qalegend.base.BaseSetUp.setUp(BaseSetUp.java:50)
at java.base/java.util.ArrayList.forEach(ArrayList.java:1511)
... Removed 31 stack frames]]>
    </failure>
  </testcase> <!-- @BeforeMethod setUp -->
  <testcase classname="com.qalegend.testscript.LogTest" name="rememberMe" time="0.0">
    <skipped/>
  </testcase> <!-- rememberMe -->
  <testcase classname="com.qalegend.testscript.LogTest" name="logfun" time="0.0">
    <ignored/>
  </testcase> <!-- logfun -->
  <testcase classname="com.qalegend.testscript.LogTest" name="resetPassWord" time="0.0">
    <ignored/>
  </testcase> <!-- resetPassWord -->
  <testcase classname="com.qalegend.testscript.LogTest" name="verifyLoginPageTitle" time="0.0">
    <ignored/>
  </testcase> <!-- verifyLoginPageTitle -->
  <testcase classname="com.qalegend.testscript.LogTest" name="inValidLogin" time="0.0">
    <ignored/>
  </testcase> <!-- inValidLogin -->
  <testcase classname="com.qalegend.testscript.LogTest" name="forgotPassWord" time="0.0">
    <ignored/>
  </testcase> <!-- forgotPassWord -->
</testsuite> <!-- FireFox test -->
