<?xml version="1.0" encoding="UTF-8"?>
<!-- Generated by org.testng.reporters.JUnitXMLReporter -->
<testsuite ignored="2" hostname="DESKTOP-CRHJTDS" failures="0" tests="1" name="parameter grouping Test" time="10.687" errors="0" timestamp="2023-05-30T07:41:18 IST">
  <testcase classname="com.qalegend.testscript.HomeTest" name="closeAlertMessage" time="2.17"/>
  <testcase classname="com.qalegend.testscript.HomeTest" name="homeCheck" time="0.0">
    <ignored/>
  </testcase> <!-- homeCheck -->
  <testcase classname="com.qalegend.testscript.HomeTest" name="calculatorClick" time="0.0">
    <ignored/>
  </testcase> <!-- calculatorClick -->
</testsuite> <!-- parameter grouping Test -->
