<?xml version="1.0" encoding="UTF-8"?>
<!-- Generated by org.testng.reporters.JUnitXMLReporter -->
<testsuite ignored="3" hostname="DESKTOP-CRHJTDS" failures="0" tests="4" name="Test" time="61.675" errors="0" timestamp="2023-05-25T07:23:55 IST">
  <testcase classname="com.qalegend.testscript.LogTest" name="rememberMe" time="0.532"/>
  <testcase classname="com.qalegend.testscript.ProfitPageTest" name="profitMethod" time="16.061"/>
  <testcase classname="com.qalegend.testscript.LogTest" name="forgotPassWord" time="1.915"/>
  <testcase classname="com.qalegend.testscript.LogTest" name="resetPassWord" time="8.833"/>
  <testcase classname="com.qalegend.testscript.LogTest" name="logfun" time="0.0">
    <ignored/>
  </testcase> <!-- logfun -->
  <testcase classname="com.qalegend.testscript.LogTest" name="verifyLoginPageTitle" time="0.0">
    <ignored/>
  </testcase> <!-- verifyLoginPageTitle -->
  <testcase classname="com.qalegend.testscript.LogTest" name="inValidLogin" time="0.0">
    <ignored/>
  </testcase> <!-- inValidLogin -->
</testsuite> <!-- Test -->
