<?xml version="1.0" encoding="UTF-8"?>
<!-- Generated by org.testng.reporters.JUnitXMLReporter -->
<testsuite ignored="2" hostname="DESKTOP-CRHJTDS" failures="0" tests="1" name="TestHome" time="11.749" errors="0" timestamp="2023-05-12T21:24:16 IST">
  <testcase classname="com.qalegend.testscript.HomeTest" name="userManagment" time="4.175"/>
  <testcase classname="com.qalegend.testscript.HomeTest" name="calculatorClick" time="0.0">
    <ignored/>
  </testcase> <!-- calculatorClick -->
  <testcase classname="com.qalegend.testscript.HomeTest" name="posTerminal" time="0.0">
    <ignored/>
  </testcase> <!-- posTerminal -->
</testsuite> <!-- TestHome -->
