<?xml version="1.0" encoding="UTF-8"?>
<!-- Generated by org.testng.reporters.JUnitXMLReporter -->
<testsuite ignored="6" hostname="DESKTOP-CRHJTDS" failures="0" tests="1" name="TestHome" time="11.008" errors="0" timestamp="2023-05-07T21:40:40 IST">
  <testcase classname="com.qalegend.testscript.HomeTest" name="userManagment" time="2.912"/>
  <testcase classname="com.qalegend.testscript.LoginTest" name="verifyLogin" time="0.0">
    <ignored/>
  </testcase> <!-- verifyLogin -->
  <testcase classname="com.qalegend.testscript.HomeTest" name="calculatorClick" time="0.0">
    <ignored/>
  </testcase> <!-- calculatorClick -->
  <testcase classname="com.qalegend.testscript.LoginTest" name="verifyInvalidLogin" time="0.0">
    <ignored/>
  </testcase> <!-- verifyInvalidLogin -->
  <testcase classname="com.qalegend.testscript.HomeTest" name="posTerminal" time="0.0">
    <ignored/>
  </testcase> <!-- posTerminal -->
  <testcase classname="com.qalegend.testscript.LoginTest" name="rememberMe" time="0.0">
    <ignored/>
  </testcase> <!-- rememberMe -->
  <testcase classname="com.qalegend.testscript.LoginTest" name="verifyLoginTitle" time="0.0">
    <ignored/>
  </testcase> <!-- verifyLoginTitle -->
</testsuite> <!-- TestHome -->
